# JRE version: OpenJDK Runtime Environment (11.0.7+10) (build 11.0.7+10)
# Java VM: OpenJDK 64-Bit Server VM (11.0.7+10, mixed mode, tiered, compressed oops, g1 gc, windows-amd64)
Heap:
 garbage-first heap   total 315392K, used 93005K [0x0000000701000000, 0x0000000800000000)
  region size 1024K, 81 young (82944K), 12 survivors (12288K)
 Metaspace       used 42710K, capacity 43813K, committed 44060K, reserved 1089536K
  class space    used 4592K, capacity 5015K, committed 5068K, reserved 1048576K
GC Heap History (14 events):
Event: 0.752 GC heap before
{Heap before GC invocations=0 (full 0):
 garbage-first heap   total 262144K, used 13312K [0x0000000701000000, 0x0000000800000000)
  region size 1024K, 14 young (14336K), 0 survivors (0K)
 Metaspace       used 11458K, capacity 11735K, committed 12032K, reserved 1060864K
  class space    used 1088K, capacity 1168K, committed 1280K, reserved 1048576K
}
Event: 0.756 GC heap after
{Heap after GC invocations=1 (full 0):
 garbage-first heap   total 262144K, used 3392K [0x0000000701000000, 0x0000000800000000)
  region size 1024K, 2 young (2048K), 2 survivors (2048K)
 Metaspace       used 11458K, capacity 11735K, committed 12032K, reserved 1060864K
  class space    used 1088K, capacity 1168K, committed 1280K, reserved 1048576K
}
Event: 0.974 GC heap before
{Heap before GC invocations=1 (full 0):
 garbage-first heap   total 262144K, used 15680K [0x0000000701000000, 0x0000000800000000)
  region size 1024K, 14 young (14336K), 2 survivors (2048K)
 Metaspace       used 13532K, capacity 13827K, committed 14080K, reserved 1062912K
  class space    used 1374K, capacity 1460K, committed 1536K, reserved 1048576K
}
Event: 0.977 GC heap after
{Heap after GC invocations=2 (full 0):
 garbage-first heap   total 262144K, used 3928K [0x0000000701000000, 0x0000000800000000)
  region size 1024K, 1 young (1024K), 1 survivors (1024K)
 Metaspace       used 13532K, capacity 13827K, committed 14080K, reserved 1062912K
  class space    used 1374K, capacity 1460K, committed 1536K, reserved 1048576K
}
Event: 1.516 GC heap before
{Heap before GC invocations=2 (full 0):
 garbage-first heap   total 262144K, used 34648K [0x0000000701000000, 0x0000000800000000)
  region size 1024K, 31 young (31744K), 1 survivors (1024K)
 Metaspace       used 17460K, capacity 17801K, committed 17920K, reserved 1064960K
  class space    used 1864K, capacity 1992K, committed 2048K, reserved 1048576K
}
Event: 1.519 GC heap after
{Heap after GC invocations=3 (full 0):
 garbage-first heap   total 262144K, used 5330K [0x0000000701000000, 0x0000000800000000)
  region size 1024K, 2 young (2048K), 2 survivors (2048K)
 Metaspace       used 17460K, capacity 17801K, committed 17920K, reserved 1064960K
  class space    used 1864K, capacity 1992K, committed 2048K, reserved 1048576K
}
Event: 1.951 GC heap before
{Heap before GC invocations=3 (full 0):
 garbage-first heap   total 262144K, used 23762K [0x0000000701000000, 0x0000000800000000)
  region size 1024K, 21 young (21504K), 2 survivors (2048K)
 Metaspace       used 20773K, capacity 21113K, committed 21296K, reserved 1069056K
  class space    used 2235K, capacity 2357K, committed 2432K, reserved 1048576K
}
Event: 1.959 GC heap after
{Heap after GC invocations=4 (full 0):
 garbage-first heap   total 262144K, used 6571K [0x0000000701000000, 0x0000000800000000)
  region size 1024K, 4 young (4096K), 4 survivors (4096K)
 Metaspace       used 20773K, capacity 21113K, committed 21296K, reserved 1069056K
  class space    used 2235K, capacity 2357K, committed 2432K, reserved 1048576K
}
Event: 3.334 GC heap before
{Heap before GC invocations=5 (full 0):
 garbage-first heap   total 262144K, used 54699K [0x0000000701000000, 0x0000000800000000)
  region size 1024K, 51 young (52224K), 4 survivors (4096K)
 Metaspace       used 22362K, capacity 22846K, committed 22960K, reserved 1069056K
  class space    used 2368K, capacity 2506K, committed 2560K, reserved 1048576K
}
Event: 3.342 GC heap after
{Heap after GC invocations=6 (full 0):
 garbage-first heap   total 262144K, used 9002K [0x0000000701000000, 0x0000000800000000)
  region size 1024K, 6 young (6144K), 6 survivors (6144K)
 Metaspace       used 22362K, capacity 22846K, committed 22960K, reserved 1069056K
  class space    used 2368K, capacity 2506K, committed 2560K, reserved 1048576K
}
Event: 6.543 GC heap before
{Heap before GC invocations=6 (full 0):
 garbage-first heap   total 262144K, used 159530K [0x0000000701000000, 0x0000000800000000)
  region size 1024K, 153 young (156672K), 6 survivors (6144K)
 Metaspace       used 31488K, capacity 32241K, committed 32560K, reserved 1079296K
  class space    used 3391K, capacity 3647K, committed 3712K, reserved 1048576K
}
Event: 6.556 GC heap after
{Heap after GC invocations=7 (full 0):
 garbage-first heap   total 262144K, used 17589K [0x0000000701000000, 0x0000000800000000)
  region size 1024K, 14 young (14336K), 14 survivors (14336K)
 Metaspace       used 31488K, capacity 32241K, committed 32560K, reserved 1079296K
  class space    used 3391K, capacity 3647K, committed 3712K, reserved 1048576K
}
Event: 7.048 GC heap before
{Heap before GC invocations=7 (full 0):
 garbage-first heap   total 262144K, used 49333K [0x0000000701000000, 0x0000000800000000)
  region size 1024K, 47 young (48128K), 14 survivors (14336K)
 Metaspace       used 35158K, capacity 35872K, committed 35920K, reserved 1081344K
  class space    used 3821K, capacity 4070K, committed 4096K, reserved 1048576K
}
Event: 7.071 GC heap after
{Heap after GC invocations=8 (full 0):
 garbage-first heap   total 315392K, used 20301K [0x0000000701000000, 0x0000000800000000)
  region size 1024K, 12 young (12288K), 12 survivors (12288K)
 Metaspace       used 35158K, capacity 35872K, committed 35920K, reserved 1081344K
  class space    used 3821K, capacity 4070K, committed 4096K, reserved 1048576K
}

